[2026-03-26 18:31:29Z INFO HostContext] No proxy settings were found based on environmental variables (http_proxy/https_proxy/HTTP_PROXY/HTTPS_PROXY)
[2026-03-26 18:31:29Z INFO HostContext] Well known directory 'Bin': 'C:\Users\thale\rabbitmq-log-pipeline\rabbitmq-log-pipeline\actions-runner\bin'
[2026-03-26 18:31:29Z INFO HostContext] Well known directory 'Root': 'C:\Users\thale\rabbitmq-log-pipeline\rabbitmq-log-pipeline\actions-runner'
[2026-03-26 18:31:29Z INFO HostContext] Well known config file 'Credentials': 'C:\Users\thale\rabbitmq-log-pipeline\rabbitmq-log-pipeline\actions-runner\.credentials'
[2026-03-26 18:31:29Z INFO HostContext] Well known directory 'Bin': 'C:\Users\thale\rabbitmq-log-pipeline\rabbitmq-log-pipeline\actions-runner\bin'
[2026-03-26 18:31:29Z INFO HostContext] Well known directory 'Root': 'C:\Users\thale\rabbitmq-log-pipeline\rabbitmq-log-pipeline\actions-runner'
[2026-03-26 18:31:29Z INFO HostContext] Well known config file 'Runner': 'C:\Users\thale\rabbitmq-log-pipeline\rabbitmq-log-pipeline\actions-runner\.runner'
[2026-03-26 18:31:29Z INFO Listener] Runner is built for Windows (X64) - win-x64.
[2026-03-26 18:31:29Z INFO Listener] RuntimeInformation: Microsoft Windows 10.0.26200.
[2026-03-26 18:31:29Z INFO Listener] Version: 2.333.0
[2026-03-26 18:31:29Z INFO Listener] Commit: 8d231aaf863e5fcdd02d35bdfda369feafd08adb
[2026-03-26 18:31:29Z INFO Listener] Culture: pt-BR
[2026-03-26 18:31:29Z INFO Listener] UI Culture: pt-BR
[2026-03-26 18:31:29Z INFO HostContext] Well known directory 'Bin': 'C:\Users\thale\rabbitmq-log-pipeline\rabbitmq-log-pipeline\actions-runner\bin'
[2026-03-26 18:31:29Z INFO HostContext] Well known directory 'Root': 'C:\Users\thale\rabbitmq-log-pipeline\rabbitmq-log-pipeline\actions-runner'
[2026-03-26 18:31:29Z INFO Listener] Validating directory permissions for: 'C:\Users\thale\rabbitmq-log-pipeline\rabbitmq-log-pipeline\actions-runner'
[2026-03-26 18:31:29Z INFO CommandLineParser] Parse
[2026-03-26 18:31:29Z INFO CommandLineParser] Parsing 1 args
[2026-03-26 18:31:29Z INFO CommandLineParser] parsing argument
[2026-03-26 18:31:29Z INFO CommandLineParser] HasArgs: False
[2026-03-26 18:31:29Z INFO CommandLineParser] Adding Command: configure
[2026-03-26 18:31:29Z INFO Listener] Arguments parsed
[2026-03-26 18:31:29Z INFO Runner] ExecuteCommand
[2026-03-26 18:31:29Z INFO ConfigurationStore] currentAssemblyLocation: C:\Users\thale\rabbitmq-log-pipeline\rabbitmq-log-pipeline\actions-runner\bin\Runner.Listener.dll
[2026-03-26 18:31:29Z INFO HostContext] Well known directory 'Bin': 'C:\Users\thale\rabbitmq-log-pipeline\rabbitmq-log-pipeline\actions-runner\bin'
[2026-03-26 18:31:29Z INFO ConfigurationStore] binPath: C:\Users\thale\rabbitmq-log-pipeline\rabbitmq-log-pipeline\actions-runner\bin
[2026-03-26 18:31:29Z INFO HostContext] Well known directory 'Bin': 'C:\Users\thale\rabbitmq-log-pipeline\rabbitmq-log-pipeline\actions-runner\bin'
[2026-03-26 18:31:29Z INFO HostContext] Well known directory 'Root': 'C:\Users\thale\rabbitmq-log-pipeline\rabbitmq-log-pipeline\actions-runner'
[2026-03-26 18:31:29Z INFO ConfigurationStore] RootFolder: C:\Users\thale\rabbitmq-log-pipeline\rabbitmq-log-pipeline\actions-runner
[2026-03-26 18:31:29Z INFO HostContext] Well known directory 'Bin': 'C:\Users\thale\rabbitmq-log-pipeline\rabbitmq-log-pipeline\actions-runner\bin'
[2026-03-26 18:31:29Z INFO HostContext] Well known directory 'Root': 'C:\Users\thale\rabbitmq-log-pipeline\rabbitmq-log-pipeline\actions-runner'
[2026-03-26 18:31:29Z INFO HostContext] Well known config file 'Runner': 'C:\Users\thale\rabbitmq-log-pipeline\rabbitmq-log-pipeline\actions-runner\.runner'
[2026-03-26 18:31:29Z INFO ConfigurationStore] ConfigFilePath: C:\Users\thale\rabbitmq-log-pipeline\rabbitmq-log-pipeline\actions-runner\.runner
[2026-03-26 18:31:29Z INFO HostContext] Well known directory 'Bin': 'C:\Users\thale\rabbitmq-log-pipeline\rabbitmq-log-pipeline\actions-runner\bin'
[2026-03-26 18:31:29Z INFO HostContext] Well known directory 'Root': 'C:\Users\thale\rabbitmq-log-pipeline\rabbitmq-log-pipeline\actions-runner'
[2026-03-26 18:31:29Z INFO HostContext] Well known config file 'MigratedRunner': 'C:\Users\thale\rabbitmq-log-pipeline\rabbitmq-log-pipeline\actions-runner\.runner_migrated'
[2026-03-26 18:31:29Z INFO ConfigurationStore] MigratedConfigFilePath: C:\Users\thale\rabbitmq-log-pipeline\rabbitmq-log-pipeline\actions-runner\.runner_migrated
[2026-03-26 18:31:29Z INFO HostContext] Well known directory 'Bin': 'C:\Users\thale\rabbitmq-log-pipeline\rabbitmq-log-pipeline\actions-runner\bin'
[2026-03-26 18:31:29Z INFO HostContext] Well known directory 'Root': 'C:\Users\thale\rabbitmq-log-pipeline\rabbitmq-log-pipeline\actions-runner'
[2026-03-26 18:31:29Z INFO HostContext] Well known config file 'Credentials': 'C:\Users\thale\rabbitmq-log-pipeline\rabbitmq-log-pipeline\actions-runner\.credentials'
[2026-03-26 18:31:29Z INFO ConfigurationStore] CredFilePath: C:\Users\thale\rabbitmq-log-pipeline\rabbitmq-log-pipeline\actions-runner\.credentials
[2026-03-26 18:31:29Z INFO HostContext] Well known directory 'Bin': 'C:\Users\thale\rabbitmq-log-pipeline\rabbitmq-log-pipeline\actions-runner\bin'
[2026-03-26 18:31:29Z INFO HostContext] Well known directory 'Root': 'C:\Users\thale\rabbitmq-log-pipeline\rabbitmq-log-pipeline\actions-runner'
[2026-03-26 18:31:29Z INFO HostContext] Well known config file 'MigratedCredentials': 'C:\Users\thale\rabbitmq-log-pipeline\rabbitmq-log-pipeline\actions-runner\.credentials_migrated'
[2026-03-26 18:31:29Z INFO ConfigurationStore] MigratedCredFilePath: C:\Users\thale\rabbitmq-log-pipeline\rabbitmq-log-pipeline\actions-runner\.credentials_migrated
[2026-03-26 18:31:29Z INFO HostContext] Well known directory 'Bin': 'C:\Users\thale\rabbitmq-log-pipeline\rabbitmq-log-pipeline\actions-runner\bin'
[2026-03-26 18:31:29Z INFO HostContext] Well known directory 'Root': 'C:\Users\thale\rabbitmq-log-pipeline\rabbitmq-log-pipeline\actions-runner'
[2026-03-26 18:31:29Z INFO HostContext] Well known config file 'Service': 'C:\Users\thale\rabbitmq-log-pipeline\rabbitmq-log-pipeline\actions-runner\.service'
[2026-03-26 18:31:29Z INFO ConfigurationStore] ServiceConfigFilePath: C:\Users\thale\rabbitmq-log-pipeline\rabbitmq-log-pipeline\actions-runner\.service
[2026-03-26 18:31:29Z INFO CommandSettings] Flag 'help': 'False'
[2026-03-26 18:31:29Z INFO CommandSettings] Flag 'version': 'False'
[2026-03-26 18:31:29Z INFO CommandSettings] Flag 'commit': 'False'
[2026-03-26 18:31:29Z INFO CommandSettings] Flag 'check': 'False'
[2026-03-26 18:31:29Z INFO CommandSettings] Command 'configure': 'True'
[2026-03-26 18:31:29Z INFO Terminal] WRITE LINE: 
[2026-03-26 18:31:29Z INFO Terminal] WRITE LINE: --------------------------------------------------------------------------------
[2026-03-26 18:31:29Z INFO Terminal] WRITE LINE: |        ____ _ _   _   _       _          _        _   _                      |
[2026-03-26 18:31:29Z INFO Terminal] WRITE LINE: |       / ___(_) |_| | | |_   _| |__      / \   ___| |_(_) ___  _ __  ___      |
[2026-03-26 18:31:29Z INFO Terminal] WRITE LINE: |      | |  _| | __| |_| | | | | '_ \    / _ \ / __| __| |/ _ \| '_ \/ __|     |
[2026-03-26 18:31:29Z INFO Terminal] WRITE LINE: |      | |_| | | |_|  _  | |_| | |_) |  / ___ \ (__| |_| | (_) | | | \__ \     |
[2026-03-26 18:31:29Z INFO Terminal] WRITE LINE: |       \____|_|\__|_| |_|\__,_|_.__/  /_/   \_\___|\__|_|\___/|_| |_|___/     |
[2026-03-26 18:31:29Z INFO Terminal] WRITE LINE: |                                                                              |
[2026-03-26 18:31:29Z INFO Terminal] WRITE: |                       
[2026-03-26 18:31:29Z INFO Terminal] WRITE: Self-hosted runner registration
[2026-03-26 18:31:29Z INFO Terminal] WRITE LINE:                         |
[2026-03-26 18:31:29Z INFO Terminal] WRITE LINE: |                                                                              |
[2026-03-26 18:31:29Z INFO Terminal] WRITE LINE: --------------------------------------------------------------------------------
[2026-03-26 18:31:29Z INFO ConfigurationManager] ConfigureAsync
[2026-03-26 18:31:29Z INFO CommandSettings] Flag 'generateServiceConfig': 'False'
[2026-03-26 18:31:29Z INFO ConfigurationStore] IsConfigured()
[2026-03-26 18:31:29Z INFO ConfigurationStore] IsConfigured: False
[2026-03-26 18:31:29Z INFO ConfigurationManager] Is configured: False
[2026-03-26 18:31:29Z INFO CommandSettings] Arg 'url': ''
[2026-03-26 18:31:29Z INFO CommandSettings] Flag 'unattended': 'False'
[2026-03-26 18:31:29Z INFO PromptManager] ReadValue
[2026-03-26 18:31:29Z INFO Terminal] WRITE: What is the URL of your repository? 
[2026-03-26 18:31:29Z INFO Terminal] READ LINE
[2026-03-26 18:31:41Z INFO Terminal] Read value: 'https://github.com/ThalesPudim/rabbitmq-log-pipeline/settings/actions/runners/new?arch=x64&os=win'
[2026-03-26 18:31:41Z INFO CommandSettings] Arg 'token': ''
[2026-03-26 18:31:41Z INFO CommandSettings] Flag 'unattended': 'False'
[2026-03-26 18:31:41Z INFO PromptManager] ReadValue
[2026-03-26 18:31:41Z INFO Terminal] WRITE: What is your runner register token? 
[2026-03-26 18:31:41Z INFO Terminal] READ SECRET
[2026-03-26 18:32:02Z INFO Terminal] Read value: '***'
[2026-03-26 18:32:02Z INFO ConfigurationManager] Http response code: OK from 'POST https://api.github.com/actions/runner-registration' (2272:3F3248:A806E:B4B7F:69C57BA2)
[2026-03-26 18:32:03Z INFO ConfigurationManager] Using runner-admin flow: False
[2026-03-26 18:32:03Z INFO ConfigurationManager] cred retrieved via GitHub auth
[2026-03-26 18:32:03Z INFO RunnerServer] EstablishVssConnection
[2026-03-26 18:32:03Z INFO RunnerServer] Establish connection with 100 seconds timeout.
[2026-03-26 18:32:03Z INFO GitHubActionsService] Starting operation Location.GetConnectionData
[2026-03-26 18:32:03Z INFO RunnerServer] EstablishVssConnection
[2026-03-26 18:32:03Z INFO RunnerServer] Establish connection with 60 seconds timeout.
[2026-03-26 18:32:03Z INFO GitHubActionsService] Starting operation Location.GetConnectionData
[2026-03-26 18:32:03Z INFO RunnerServer] EstablishVssConnection
[2026-03-26 18:32:03Z INFO RunnerServer] Establish connection with 60 seconds timeout.
[2026-03-26 18:32:03Z INFO GitHubActionsService] Starting operation Location.GetConnectionData
[2026-03-26 18:32:03Z INFO GitHubActionsService] Finished operation Location.GetConnectionData
[2026-03-26 18:32:03Z INFO GitHubActionsService] Finished operation Location.GetConnectionData
[2026-03-26 18:32:03Z INFO GitHubActionsService] Finished operation Location.GetConnectionData
[2026-03-26 18:32:03Z INFO Terminal] WRITE LINE: 
[2026-03-26 18:32:03Z INFO ConfigurationManager] Test Connection complete.
[2026-03-26 18:32:03Z INFO HostContext] Well known directory 'Bin': 'C:\Users\thale\rabbitmq-log-pipeline\rabbitmq-log-pipeline\actions-runner\bin'
[2026-03-26 18:32:03Z INFO HostContext] Well known directory 'Root': 'C:\Users\thale\rabbitmq-log-pipeline\rabbitmq-log-pipeline\actions-runner'
[2026-03-26 18:32:03Z INFO HostContext] Well known config file 'RSACredentials': 'C:\Users\thale\rabbitmq-log-pipeline\rabbitmq-log-pipeline\actions-runner\.credentials_rsaparams'
[2026-03-26 18:32:03Z INFO RSAEncryptedFileKeyManager] Found existing RSA key parameters file C:\Users\thale\rabbitmq-log-pipeline\rabbitmq-log-pipeline\actions-runner\.credentials_rsaparams
[2026-03-26 18:32:03Z INFO CommandSettings] Arg 'runnergroup': ''
[2026-03-26 18:32:03Z INFO CommandSettings] Flag 'unattended': 'False'
[2026-03-26 18:32:03Z INFO PromptManager] ReadValue
[2026-03-26 18:32:03Z INFO Terminal] WRITE: Enter the name of the runner group to add this runner to: 
[2026-03-26 18:32:03Z INFO Terminal] WRITE: [press Enter for Default] 
[2026-03-26 18:32:03Z INFO Terminal] READ LINE
[2026-03-26 18:32:11Z INFO Terminal] Read value: ''
[2026-03-26 18:32:11Z INFO PromptManager] Falling back to the default: 'Default'
[2026-03-26 18:32:11Z INFO Terminal] WRITE LINE: 
[2026-03-26 18:32:11Z INFO ConfigurationManager] Found a self-hosted runner group with id 1 and name Default
[2026-03-26 18:32:11Z INFO CommandSettings] Flag 'disableupdate': 'False'
[2026-03-26 18:32:11Z INFO CommandSettings] Flag 'ephemeral': 'False'
[2026-03-26 18:32:11Z INFO CommandSettings] Arg 'name': ''
[2026-03-26 18:32:11Z INFO CommandSettings] Flag 'unattended': 'False'
[2026-03-26 18:32:11Z INFO PromptManager] ReadValue
[2026-03-26 18:32:11Z INFO Terminal] WRITE: Enter the name of runner: 
[2026-03-26 18:32:11Z INFO Terminal] WRITE: [press Enter for PUDANCIAS-PC] 
[2026-03-26 18:32:11Z INFO Terminal] READ LINE
[2026-03-26 18:32:13Z INFO Terminal] Read value: ''
[2026-03-26 18:32:13Z INFO PromptManager] Falling back to the default: 'PUDANCIAS-PC'
[2026-03-26 18:32:13Z INFO Terminal] WRITE LINE: 
[2026-03-26 18:32:13Z INFO CommandSettings] Arg 'labels': ''
[2026-03-26 18:32:13Z INFO CommandSettings] Flag 'unattended': 'False'
[2026-03-26 18:32:13Z INFO PromptManager] ReadValue
[2026-03-26 18:32:13Z INFO Terminal] WRITE: This runner will have the following labels: 'self-hosted', 'Windows', 'X64' 
Enter any additional labels (ex. label-1,label-2): 
[2026-03-26 18:32:13Z INFO Terminal] WRITE: [press Enter to skip] 
[2026-03-26 18:32:13Z INFO Terminal] READ LINE
[2026-03-26 18:32:18Z INFO Terminal] Read value: ''
[2026-03-26 18:32:18Z INFO Terminal] WRITE LINE: 
[2026-03-26 18:32:18Z INFO CommandSettings] Flag 'disableupdate': 'False'
[2026-03-26 18:32:18Z INFO CommandSettings] Flag 'no-default-labels': 'False'
[2026-03-26 18:32:18Z INFO CommandSettings] Flag 'disableupdate': 'False'
[2026-03-26 18:32:18Z INFO CommandSettings] Flag 'ephemeral': 'False'
[2026-03-26 18:32:18Z INFO ConfigurationStore] Saving OAuth credential @ C:\Users\thale\rabbitmq-log-pipeline\rabbitmq-log-pipeline\actions-runner\.credentials
[2026-03-26 18:32:18Z INFO ConfigurationStore] Credentials Saved.
[2026-03-26 18:32:18Z INFO ConfigurationManager] Service enforced serverUrlV2: https://broker.actions.githubusercontent.com/
[2026-03-26 18:32:18Z INFO ConfigurationManager] Service enforced useV2Flow: True
[2026-03-26 18:32:18Z INFO CommandSettings] Arg 'work': ''
[2026-03-26 18:32:18Z INFO CommandSettings] Flag 'unattended': 'False'
[2026-03-26 18:32:18Z INFO PromptManager] ReadValue
[2026-03-26 18:32:18Z INFO Terminal] WRITE: Enter name of work folder: 
[2026-03-26 18:32:18Z INFO Terminal] WRITE: [press Enter for _work] 
[2026-03-26 18:32:18Z INFO Terminal] READ LINE
[2026-03-26 18:32:27Z INFO Terminal] Read value: ''
[2026-03-26 18:32:27Z INFO PromptManager] Falling back to the default: '_work'
[2026-03-26 18:32:27Z INFO ConfigurationStore] Saving runner settings.
[2026-03-26 18:32:27Z INFO ConfigurationStore] Settings Saved.
[2026-03-26 18:32:27Z INFO Terminal] WRITE LINE: 
[2026-03-26 18:32:27Z INFO Terminal] WRITE LINE: 
[2026-03-26 18:32:27Z INFO CommandSettings] Flag 'runasservice': 'False'
[2026-03-26 18:32:27Z INFO CommandSettings] Flag 'unattended': 'False'
[2026-03-26 18:32:27Z INFO PromptManager] ReadValue
[2026-03-26 18:32:27Z INFO Terminal] WRITE: Would you like to run the runner as service? (Y/N) 
[2026-03-26 18:32:27Z INFO Terminal] WRITE: [press Enter for N] 
[2026-03-26 18:32:27Z INFO Terminal] READ LINE
[2026-03-26 18:32:30Z INFO Terminal] Read value: ''
[2026-03-26 18:32:30Z INFO PromptManager] Falling back to the default: 'N'
[2026-03-26 18:32:30Z INFO Listener] Runner execution has finished with return code 0
