[2026-03-26 18:37:17Z INFO HostContext] No proxy settings were found based on environmental variables (http_proxy/https_proxy/HTTP_PROXY/HTTPS_PROXY)
[2026-03-26 18:37:17Z INFO HostContext] Well known directory 'Bin': 'C:\Users\thale\rabbitmq-log-pipeline\rabbitmq-log-pipeline\actions-runner\bin'
[2026-03-26 18:37:17Z INFO HostContext] Well known directory 'Root': 'C:\Users\thale\rabbitmq-log-pipeline\rabbitmq-log-pipeline\actions-runner'
[2026-03-26 18:37:17Z INFO HostContext] Well known config file 'Credentials': 'C:\Users\thale\rabbitmq-log-pipeline\rabbitmq-log-pipeline\actions-runner\.credentials'
[2026-03-26 18:37:17Z INFO HostContext] Well known directory 'Bin': 'C:\Users\thale\rabbitmq-log-pipeline\rabbitmq-log-pipeline\actions-runner\bin'
[2026-03-26 18:37:17Z INFO HostContext] Well known directory 'Root': 'C:\Users\thale\rabbitmq-log-pipeline\rabbitmq-log-pipeline\actions-runner'
[2026-03-26 18:37:17Z INFO HostContext] Well known config file 'Runner': 'C:\Users\thale\rabbitmq-log-pipeline\rabbitmq-log-pipeline\actions-runner\.runner'
[2026-03-26 18:37:17Z INFO Listener] Runner is built for Windows (X64) - win-x64.
[2026-03-26 18:37:17Z INFO Listener] RuntimeInformation: Microsoft Windows 10.0.26200.
[2026-03-26 18:37:17Z INFO Listener] Version: 2.333.0
[2026-03-26 18:37:17Z INFO Listener] Commit: 8d231aaf863e5fcdd02d35bdfda369feafd08adb
[2026-03-26 18:37:17Z INFO Listener] Culture: pt-BR
[2026-03-26 18:37:17Z INFO Listener] UI Culture: pt-BR
[2026-03-26 18:37:17Z INFO HostContext] Well known directory 'Bin': 'C:\Users\thale\rabbitmq-log-pipeline\rabbitmq-log-pipeline\actions-runner\bin'
[2026-03-26 18:37:17Z INFO HostContext] Well known directory 'Root': 'C:\Users\thale\rabbitmq-log-pipeline\rabbitmq-log-pipeline\actions-runner'
[2026-03-26 18:37:17Z INFO Listener] Validating directory permissions for: 'C:\Users\thale\rabbitmq-log-pipeline\rabbitmq-log-pipeline\actions-runner'
[2026-03-26 18:37:17Z INFO CommandLineParser] Parse
[2026-03-26 18:37:17Z INFO CommandLineParser] Parsing 1 args
[2026-03-26 18:37:17Z INFO CommandLineParser] parsing argument
[2026-03-26 18:37:17Z INFO CommandLineParser] HasArgs: False
[2026-03-26 18:37:17Z INFO CommandLineParser] Adding Command: run
[2026-03-26 18:37:17Z INFO Listener] Arguments parsed
[2026-03-26 18:37:17Z INFO Runner] ExecuteCommand
[2026-03-26 18:37:17Z INFO ConfigurationStore] currentAssemblyLocation: C:\Users\thale\rabbitmq-log-pipeline\rabbitmq-log-pipeline\actions-runner\bin\Runner.Listener.dll
[2026-03-26 18:37:17Z INFO HostContext] Well known directory 'Bin': 'C:\Users\thale\rabbitmq-log-pipeline\rabbitmq-log-pipeline\actions-runner\bin'
[2026-03-26 18:37:17Z INFO ConfigurationStore] binPath: C:\Users\thale\rabbitmq-log-pipeline\rabbitmq-log-pipeline\actions-runner\bin
[2026-03-26 18:37:17Z INFO HostContext] Well known directory 'Bin': 'C:\Users\thale\rabbitmq-log-pipeline\rabbitmq-log-pipeline\actions-runner\bin'
[2026-03-26 18:37:17Z INFO HostContext] Well known directory 'Root': 'C:\Users\thale\rabbitmq-log-pipeline\rabbitmq-log-pipeline\actions-runner'
[2026-03-26 18:37:17Z INFO ConfigurationStore] RootFolder: C:\Users\thale\rabbitmq-log-pipeline\rabbitmq-log-pipeline\actions-runner
[2026-03-26 18:37:17Z INFO HostContext] Well known directory 'Bin': 'C:\Users\thale\rabbitmq-log-pipeline\rabbitmq-log-pipeline\actions-runner\bin'
[2026-03-26 18:37:17Z INFO HostContext] Well known directory 'Root': 'C:\Users\thale\rabbitmq-log-pipeline\rabbitmq-log-pipeline\actions-runner'
[2026-03-26 18:37:17Z INFO HostContext] Well known config file 'Runner': 'C:\Users\thale\rabbitmq-log-pipeline\rabbitmq-log-pipeline\actions-runner\.runner'
[2026-03-26 18:37:17Z INFO ConfigurationStore] ConfigFilePath: C:\Users\thale\rabbitmq-log-pipeline\rabbitmq-log-pipeline\actions-runner\.runner
[2026-03-26 18:37:17Z INFO HostContext] Well known directory 'Bin': 'C:\Users\thale\rabbitmq-log-pipeline\rabbitmq-log-pipeline\actions-runner\bin'
[2026-03-26 18:37:17Z INFO HostContext] Well known directory 'Root': 'C:\Users\thale\rabbitmq-log-pipeline\rabbitmq-log-pipeline\actions-runner'
[2026-03-26 18:37:17Z INFO HostContext] Well known config file 'MigratedRunner': 'C:\Users\thale\rabbitmq-log-pipeline\rabbitmq-log-pipeline\actions-runner\.runner_migrated'
[2026-03-26 18:37:17Z INFO ConfigurationStore] MigratedConfigFilePath: C:\Users\thale\rabbitmq-log-pipeline\rabbitmq-log-pipeline\actions-runner\.runner_migrated
[2026-03-26 18:37:17Z INFO HostContext] Well known directory 'Bin': 'C:\Users\thale\rabbitmq-log-pipeline\rabbitmq-log-pipeline\actions-runner\bin'
[2026-03-26 18:37:17Z INFO HostContext] Well known directory 'Root': 'C:\Users\thale\rabbitmq-log-pipeline\rabbitmq-log-pipeline\actions-runner'
[2026-03-26 18:37:17Z INFO HostContext] Well known config file 'Credentials': 'C:\Users\thale\rabbitmq-log-pipeline\rabbitmq-log-pipeline\actions-runner\.credentials'
[2026-03-26 18:37:17Z INFO ConfigurationStore] CredFilePath: C:\Users\thale\rabbitmq-log-pipeline\rabbitmq-log-pipeline\actions-runner\.credentials
[2026-03-26 18:37:17Z INFO HostContext] Well known directory 'Bin': 'C:\Users\thale\rabbitmq-log-pipeline\rabbitmq-log-pipeline\actions-runner\bin'
[2026-03-26 18:37:17Z INFO HostContext] Well known directory 'Root': 'C:\Users\thale\rabbitmq-log-pipeline\rabbitmq-log-pipeline\actions-runner'
[2026-03-26 18:37:17Z INFO HostContext] Well known config file 'MigratedCredentials': 'C:\Users\thale\rabbitmq-log-pipeline\rabbitmq-log-pipeline\actions-runner\.credentials_migrated'
[2026-03-26 18:37:17Z INFO ConfigurationStore] MigratedCredFilePath: C:\Users\thale\rabbitmq-log-pipeline\rabbitmq-log-pipeline\actions-runner\.credentials_migrated
[2026-03-26 18:37:17Z INFO HostContext] Well known directory 'Bin': 'C:\Users\thale\rabbitmq-log-pipeline\rabbitmq-log-pipeline\actions-runner\bin'
[2026-03-26 18:37:17Z INFO HostContext] Well known directory 'Root': 'C:\Users\thale\rabbitmq-log-pipeline\rabbitmq-log-pipeline\actions-runner'
[2026-03-26 18:37:17Z INFO HostContext] Well known config file 'Service': 'C:\Users\thale\rabbitmq-log-pipeline\rabbitmq-log-pipeline\actions-runner\.service'
[2026-03-26 18:37:17Z INFO ConfigurationStore] ServiceConfigFilePath: C:\Users\thale\rabbitmq-log-pipeline\rabbitmq-log-pipeline\actions-runner\.service
[2026-03-26 18:37:17Z INFO CommandSettings] Flag 'help': 'False'
[2026-03-26 18:37:17Z INFO CommandSettings] Flag 'version': 'False'
[2026-03-26 18:37:17Z INFO CommandSettings] Flag 'commit': 'False'
[2026-03-26 18:37:17Z INFO CommandSettings] Flag 'check': 'False'
[2026-03-26 18:37:17Z INFO CommandSettings] Command 'configure': 'False'
[2026-03-26 18:37:17Z INFO CommandSettings] Command 'remove': 'False'
[2026-03-26 18:37:17Z INFO CommandSettings] Command 'warmup': 'False'
[2026-03-26 18:37:17Z INFO ConfigurationManager] LoadSettings
[2026-03-26 18:37:17Z INFO ConfigurationStore] IsConfigured()
[2026-03-26 18:37:17Z INFO ConfigurationStore] IsConfigured: True
[2026-03-26 18:37:17Z INFO ConfigurationManager] Is configured: True
[2026-03-26 18:37:17Z INFO ConfigurationStore] Read setting file: 454 chars
[2026-03-26 18:37:17Z INFO ConfigurationManager] Settings Loaded
[2026-03-26 18:37:17Z INFO ConfigurationStore] IsServiceConfigured()
[2026-03-26 18:37:17Z INFO ConfigurationStore] IsServiceConfigured: False
[2026-03-26 18:37:17Z INFO CommandSettings] Command 'run': 'True'
[2026-03-26 18:37:17Z INFO ConfigurationStore] IsConfigured()
[2026-03-26 18:37:17Z INFO ConfigurationStore] IsConfigured: True
[2026-03-26 18:37:17Z INFO ConfigurationManager] Is configured: True
[2026-03-26 18:37:17Z INFO Runner] Could not parse the argument value '' for StartupType. Defaulting to Manual
[2026-03-26 18:37:17Z INFO Runner] Set runner startup type - Manual
[2026-03-26 18:37:17Z INFO CommandSettings] Flag 'once': 'False'
[2026-03-26 18:37:17Z INFO CommandSettings] Flag 'once': 'False'
[2026-03-26 18:37:17Z INFO Runner] RunAsync
[2026-03-26 18:37:17Z INFO HostContext] Well known directory 'Bin': 'C:\Users\thale\rabbitmq-log-pipeline\rabbitmq-log-pipeline\actions-runner\bin'
[2026-03-26 18:37:17Z INFO HostContext] Well known directory 'Root': 'C:\Users\thale\rabbitmq-log-pipeline\rabbitmq-log-pipeline\actions-runner'
[2026-03-26 18:37:17Z INFO HostContext] Well known directory 'Work': 'C:\Users\thale\rabbitmq-log-pipeline\rabbitmq-log-pipeline\actions-runner\_work'
[2026-03-26 18:37:17Z INFO Runner] Validating directory permissions for: 'C:\Users\thale\rabbitmq-log-pipeline\rabbitmq-log-pipeline\actions-runner\_work'
[2026-03-26 18:37:17Z INFO ConfigurationManager] LoadMigratedSettings
[2026-03-26 18:37:17Z INFO ConfigurationStore] IsMigratedConfigured()
[2026-03-26 18:37:17Z INFO ConfigurationStore] IsMigratedConfigured: False
[2026-03-26 18:37:17Z INFO Runner] Failed to load migrated settings: No migrated configuration found.
[2026-03-26 18:37:17Z INFO Runner] Falling back to original .runner settings
[2026-03-26 18:37:17Z INFO Runner] Using BrokerMessageListener
[2026-03-26 18:37:17Z INFO BrokerMessageListener] Using provided settings
[2026-03-26 18:37:17Z INFO BrokerMessageListener] {
  "AgentId": 2,
  "AgentName": "PUDANCIAS-PC",
  "PoolId": 1,
  "PoolName": "Default",
  "ServerUrl": "https://pipelinesghubeus12.actions.githubusercontent.com/bq2WEIBebpxmgx1FOAuDDDGMDKHkVtPiGLKqDhstl68r6Pdd82/",
  "GitHubUrl": "https://github.com/ThalesPudim/rabbitmq-log-pipeline/settings/actions/runners/new?arch=x64&os=win",
  "WorkFolder": "_work",
  "UseV2Flow": true,
  "ServerUrlV2": "https://broker.actions.githubusercontent.com/"
}
[2026-03-26 18:37:17Z INFO BrokerMessageListener] Loading Credentials
[2026-03-26 18:37:17Z INFO ConfigurationStore] HasCredentials()
[2026-03-26 18:37:17Z INFO ConfigurationStore] stored True
[2026-03-26 18:37:17Z INFO CredentialManager] GetCredentialProvider
[2026-03-26 18:37:17Z INFO CredentialManager] Creating type OAuth
[2026-03-26 18:37:17Z INFO CredentialManager] Creating credential type: OAuth
[2026-03-26 18:37:17Z INFO HostContext] Well known directory 'Bin': 'C:\Users\thale\rabbitmq-log-pipeline\rabbitmq-log-pipeline\actions-runner\bin'
[2026-03-26 18:37:17Z INFO HostContext] Well known directory 'Root': 'C:\Users\thale\rabbitmq-log-pipeline\rabbitmq-log-pipeline\actions-runner'
[2026-03-26 18:37:17Z INFO HostContext] Well known config file 'RSACredentials': 'C:\Users\thale\rabbitmq-log-pipeline\rabbitmq-log-pipeline\actions-runner\.credentials_rsaparams'
[2026-03-26 18:37:17Z INFO RSAEncryptedFileKeyManager] Loading RSA key parameters from file C:\Users\thale\rabbitmq-log-pipeline\rabbitmq-log-pipeline\actions-runner\.credentials_rsaparams
[2026-03-26 18:37:17Z INFO BrokerMessageListener] Attempt to create session.
[2026-03-26 18:37:17Z INFO BrokerMessageListener] Connecting to the Broker Server...
[2026-03-26 18:37:17Z INFO ConfigurationStore] HasCredentials()
[2026-03-26 18:37:17Z INFO ConfigurationStore] stored True
[2026-03-26 18:37:17Z INFO CredentialManager] GetCredentialProvider
[2026-03-26 18:37:17Z INFO CredentialManager] Creating type OAuth
[2026-03-26 18:37:17Z INFO CredentialManager] Creating credential type: OAuth
[2026-03-26 18:37:17Z INFO RSAEncryptedFileKeyManager] Loading RSA key parameters from file C:\Users\thale\rabbitmq-log-pipeline\rabbitmq-log-pipeline\actions-runner\.credentials_rsaparams
[2026-03-26 18:37:17Z INFO BrokerMessageListener] VssConnection created
[2026-03-26 18:37:17Z INFO BrokerMessageListener] Connecting to the Runner server...
[2026-03-26 18:37:17Z INFO RunnerServer] EstablishVssConnection
[2026-03-26 18:37:17Z INFO RunnerServer] Establish connection with 100 seconds timeout.
[2026-03-26 18:37:17Z INFO GitHubActionsService] Starting operation Location.GetConnectionData
[2026-03-26 18:37:17Z INFO RunnerServer] EstablishVssConnection
[2026-03-26 18:37:17Z INFO RunnerServer] Establish connection with 60 seconds timeout.
[2026-03-26 18:37:17Z INFO GitHubActionsService] Starting operation Location.GetConnectionData
[2026-03-26 18:37:17Z INFO RunnerServer] EstablishVssConnection
[2026-03-26 18:37:17Z INFO RunnerServer] Establish connection with 60 seconds timeout.
[2026-03-26 18:37:17Z INFO GitHubActionsService] Starting operation Location.GetConnectionData
[2026-03-26 18:37:18Z INFO GitHubActionsService] Finished operation Location.GetConnectionData
[2026-03-26 18:37:18Z INFO GitHubActionsService] Finished operation Location.GetConnectionData
[2026-03-26 18:37:18Z INFO GitHubActionsService] Finished operation Location.GetConnectionData
[2026-03-26 18:37:18Z INFO BrokerMessageListener] VssConnection created
[2026-03-26 18:37:18Z INFO Terminal] WRITE LINE: 
[2026-03-26 18:37:18Z INFO Terminal] WRITE LINE: 
[2026-03-26 18:37:18Z INFO RSAEncryptedFileKeyManager] Loading RSA key parameters from file C:\Users\thale\rabbitmq-log-pipeline\rabbitmq-log-pipeline\actions-runner\.credentials_rsaparams
[2026-03-26 18:37:18Z INFO RSAEncryptedFileKeyManager] Loading RSA key parameters from file C:\Users\thale\rabbitmq-log-pipeline\rabbitmq-log-pipeline\actions-runner\.credentials_rsaparams
[2026-03-26 18:37:19Z INFO GitHubActionsService] AAD Correlation ID for this token request: Unknown
[2026-03-26 18:37:19Z INFO BrokerMessageListener] Session created.
[2026-03-26 18:37:19Z INFO Terminal] WRITE LINE: Current runner version: '2.333.0'
[2026-03-26 18:37:19Z INFO Terminal] WRITE LINE: 2026-03-26 18:37:19Z: Listening for Jobs
[2026-03-26 18:37:19Z INFO JobDispatcher] Set runner/worker IPC timeout to 30 seconds.
[2026-03-26 19:13:27Z INFO BrokerMessageListener] Acknowledging runner request '028baffc-ea6a-5d6d-af26-fe84e756cfee'.
[2026-03-26 19:13:27Z INFO ConfigurationStore] HasCredentials()
[2026-03-26 19:13:27Z INFO ConfigurationStore] stored True
[2026-03-26 19:13:27Z INFO CredentialManager] GetCredentialProvider
[2026-03-26 19:13:27Z INFO CredentialManager] Creating type OAuth
[2026-03-26 19:13:27Z INFO CredentialManager] Creating credential type: OAuth
[2026-03-26 19:13:27Z INFO RSAEncryptedFileKeyManager] Loading RSA key parameters from file C:\Users\thale\rabbitmq-log-pipeline\rabbitmq-log-pipeline\actions-runner\.credentials_rsaparams
[2026-03-26 19:13:27Z INFO RSAEncryptedFileKeyManager] Loading RSA key parameters from file C:\Users\thale\rabbitmq-log-pipeline\rabbitmq-log-pipeline\actions-runner\.credentials_rsaparams
[2026-03-26 19:13:27Z INFO RSAEncryptedFileKeyManager] Loading RSA key parameters from file C:\Users\thale\rabbitmq-log-pipeline\rabbitmq-log-pipeline\actions-runner\.credentials_rsaparams
[2026-03-26 19:13:28Z INFO GitHubActionsService] AAD Correlation ID for this token request: Unknown
[2026-03-26 19:13:29Z INFO JobDispatcher] Job request 0 for plan 2031f8f7-0b4f-4145-ad6c-8a3b725f6287 job 028baffc-ea6a-5d6d-af26-fe84e756cfee received.
[2026-03-26 19:13:29Z INFO JobDispatcher] Pull OrchestrationId 2031f8f7-0b4f-4145-ad6c-8a3b725f6287.deploy.__default from JWT claims
[2026-03-26 19:13:29Z INFO BrokerMessageListener] Received job status event. JobState: Busy
[2026-03-26 19:13:29Z INFO BrokerMessageListener] _getMessagesTokenSource is already disposed.
[2026-03-26 19:13:29Z INFO Terminal] WRITE LINE: 2026-03-26 19:13:29Z: Running job: Deploy no homelab
[2026-03-26 19:13:29Z INFO JobDispatcher] Start renew job request 0 for job 028baffc-ea6a-5d6d-af26-fe84e756cfee.
[2026-03-26 19:13:29Z INFO JobDispatcher] Successfully renew job 028baffc-ea6a-5d6d-af26-fe84e756cfee, job is valid till 26/03/2026 19:23:29
[2026-03-26 19:13:29Z INFO HostContext] Well known directory 'Bin': 'C:\Users\thale\rabbitmq-log-pipeline\rabbitmq-log-pipeline\actions-runner\bin'
[2026-03-26 19:13:29Z INFO ProcessInvokerWrapper] Starting process:
[2026-03-26 19:13:29Z INFO ProcessInvokerWrapper]   File name: 'C:\Users\thale\rabbitmq-log-pipeline\rabbitmq-log-pipeline\actions-runner\bin\Runner.Worker.exe'
[2026-03-26 19:13:29Z INFO ProcessInvokerWrapper]   Arguments: 'spawnclient 2596 2608'
[2026-03-26 19:13:29Z INFO ProcessInvokerWrapper]   Working directory: 'C:\Users\thale\rabbitmq-log-pipeline\rabbitmq-log-pipeline\actions-runner\bin'
[2026-03-26 19:13:29Z INFO ProcessInvokerWrapper]   Require exit code zero: 'False'
[2026-03-26 19:13:29Z INFO ProcessInvokerWrapper]   Encoding web name:  ; code page: ''
[2026-03-26 19:13:29Z INFO ProcessInvokerWrapper]   Force kill process on cancellation: 'True'
[2026-03-26 19:13:29Z INFO ProcessInvokerWrapper]   Redirected STDIN: 'False'
[2026-03-26 19:13:29Z INFO ProcessInvokerWrapper]   Persist current code page: 'False'
[2026-03-26 19:13:29Z INFO ProcessInvokerWrapper]   Keep redirected STDIN open: 'False'
[2026-03-26 19:13:29Z INFO ProcessInvokerWrapper]   High priority process: 'True'
[2026-03-26 19:13:29Z INFO ProcessInvokerWrapper] Process started with process id 10704, waiting for process exit.
[2026-03-26 19:13:29Z INFO JobDispatcher] Send job request message to worker for job 028baffc-ea6a-5d6d-af26-fe84e756cfee.
[2026-03-26 19:13:30Z INFO ProcessChannel] Sending message of length 38683, with hash 'b133110a5cd8746e7c60e524d16cb75f91cd645a12f17e8bd226b52994351ecc'
[2026-03-26 19:13:31Z INFO JobNotification] Entering JobStarted Notification
[2026-03-26 19:13:31Z INFO JobNotification] Entering StartMonitor
[2026-03-26 19:13:52Z INFO ProcessInvokerWrapper] STDOUT/STDERR stream read finished.
[2026-03-26 19:13:52Z INFO ProcessInvokerWrapper] STDOUT/STDERR stream read finished.
[2026-03-26 19:13:52Z INFO ProcessInvokerWrapper] Finished process 10704 with exit code 102, and elapsed time 00:00:22.5950333.
[2026-03-26 19:13:52Z INFO JobDispatcher] Worker finished for job 028baffc-ea6a-5d6d-af26-fe84e756cfee. Code: 102
[2026-03-26 19:13:52Z INFO JobDispatcher] finish job request for job 028baffc-ea6a-5d6d-af26-fe84e756cfee with result: Failed
[2026-03-26 19:13:52Z INFO Terminal] WRITE LINE: 2026-03-26 19:13:52Z: Job Deploy no homelab completed with result: Failed
[2026-03-26 19:13:52Z INFO JobDispatcher] Stop renew job request for job 028baffc-ea6a-5d6d-af26-fe84e756cfee.
[2026-03-26 19:13:52Z INFO JobDispatcher] job renew has been cancelled, stop renew job 028baffc-ea6a-5d6d-af26-fe84e756cfee.
[2026-03-26 19:13:52Z INFO JobNotification] Entering JobCompleted Notification
[2026-03-26 19:13:52Z INFO JobNotification] Entering EndMonitor
[2026-03-26 19:13:52Z INFO BrokerMessageListener] Received job status event. JobState: Online
[2026-03-26 19:13:52Z WARN GitHubActionsService] GET request to https://broker.actions.githubusercontent.com/message?sessionId=d110ad66-23da-4bf8-ab63-e7890ac4562f&status=Busy&runnerVersion=2.333.0&os=Windows&architecture=X64&disableUpdate=false has been cancelled.
[2026-03-26 19:13:52Z ERR  BrokerServer] Catch exception during request
[2026-03-26 19:13:52Z ERR  BrokerServer] System.Threading.Tasks.TaskCanceledException: The operation was canceled.
 ---> System.Threading.Tasks.TaskCanceledException: The operation was canceled.
 ---> System.IO.IOException: Unable to read data from the transport connection: A operação de E/S foi anulada devido a uma saída de thread ou a uma requisição de aplicativo..
 ---> System.Net.Sockets.SocketException (995): A operação de E/S foi anulada devido a uma saída de thread ou a uma requisição de aplicativo.
   --- End of inner exception stack trace ---
   at System.Net.Sockets.Socket.AwaitableSocketAsyncEventArgs.ThrowException(SocketError error, CancellationToken cancellationToken)
   at System.Net.Sockets.Socket.AwaitableSocketAsyncEventArgs.System.Threading.Tasks.Sources.IValueTaskSource<System.Int32>.GetResult(Int16 token)
   at System.Net.Security.SslStream.EnsureFullTlsFrameAsync[TIOAdapter](CancellationToken cancellationToken, Int32 estimatedSize)
   at System.Runtime.CompilerServices.PoolingAsyncValueTaskMethodBuilder`1.StateMachineBox`1.System.Threading.Tasks.Sources.IValueTaskSource<TResult>.GetResult(Int16 token)
   at System.Net.Security.SslStream.ReadAsyncInternal[TIOAdapter](Memory`1 buffer, CancellationToken cancellationToken)
   at System.Runtime.CompilerServices.PoolingAsyncValueTaskMethodBuilder`1.StateMachineBox`1.System.Threading.Tasks.Sources.IValueTaskSource<TResult>.GetResult(Int16 token)
   at System.Net.Http.HttpConnection.SendAsync(HttpRequestMessage request, Boolean async, CancellationToken cancellationToken)
   --- End of inner exception stack trace ---
   at System.Net.Http.HttpConnection.SendAsync(HttpRequestMessage request, Boolean async, CancellationToken cancellationToken)
   at System.Net.Http.AuthenticationHelper.SendWithNtAuthAsync(HttpRequestMessage request, Uri authUri, Boolean async, ICredentials credentials, Boolean isProxyAuth, HttpConnection connection, HttpConnectionPool connectionPool, CancellationToken cancellationToken)
   at System.Net.Http.HttpConnectionPool.SendWithVersionDetectionAndRetryAsync(HttpRequestMessage request, Boolean async, Boolean doRequestAuth, CancellationToken cancellationToken)
   at System.Net.Http.AuthenticationHelper.SendWithAuthAsync(HttpRequestMessage request, Uri authUri, Boolean async, ICredentials credentials, Boolean preAuthenticate, Boolean isProxyAuth, Boolean doRequestAuth, HttpConnectionPool pool, CancellationToken cancellationToken)
   at System.Net.Http.RedirectHandler.SendAsync(HttpRequestMessage request, Boolean async, CancellationToken cancellationToken)
   at GitHub.Services.Common.RawHttpMessageHandler.SendAsync(HttpRequestMessage request, CancellationToken cancellationToken)
   at GitHub.Services.Common.VssHttpRetryMessageHandler.SendAsync(HttpRequestMessage request, CancellationToken cancellationToken)
   at System.Net.Http.HttpClient.<SendAsync>g__Core|83_0(HttpRequestMessage request, HttpCompletionOption completionOption, CancellationTokenSource cts, Boolean disposeCts, CancellationTokenSource pendingRequestsCts, CancellationToken originalCancellationToken)
   --- End of inner exception stack trace ---
   at System.Net.Http.HttpClient.HandleFailure(Exception e, Boolean telemetryStarted, HttpResponseMessage response, CancellationTokenSource cts, CancellationToken cancellationToken, CancellationTokenSource pendingRequestsCts)
   at System.Net.Http.HttpClient.<SendAsync>g__Core|83_0(HttpRequestMessage request, HttpCompletionOption completionOption, CancellationTokenSource cts, Boolean disposeCts, CancellationTokenSource pendingRequestsCts, CancellationToken originalCancellationToken)
   at Sdk.WebApi.WebApi.RawHttpClientBase.SendAsync(HttpRequestMessage message, HttpCompletionOption completionOption, Object userState, CancellationToken cancellationToken)
   at Sdk.WebApi.WebApi.RawHttpClientBase.SendAsync[T](HttpRequestMessage message, Boolean readErrorBody, Object userState, CancellationToken cancellationToken)
   at Sdk.WebApi.WebApi.RawHttpClientBase.SendAsync[T](HttpMethod method, IEnumerable`1 additionalHeaders, Uri requestUri, HttpContent content, IEnumerable`1 queryParameters, Boolean readErrorBody, Object userState, CancellationToken cancellationToken)
   at GitHub.Actions.RunService.WebApi.BrokerHttpClient.GetRunnerMessageAsync(Nullable`1 sessionId, String runnerVersion, Nullable`1 status, String os, String architecture, Nullable`1 disableUpdate, CancellationToken cancellationToken)
   at GitHub.Runner.Common.BrokerServer.<>c__DisplayClass7_0.<<GetRunnerMessageAsync>b__0>d.MoveNext()
--- End of stack trace from previous location ---
   at GitHub.Runner.Common.RunnerService.RetryRequest[T](Func`1 func, CancellationToken cancellationToken, Int32 maxAttempts, Func`2 shouldRetry)
[2026-03-26 19:13:52Z ERR  BrokerServer] #####################################################
[2026-03-26 19:13:52Z ERR  BrokerServer] System.Threading.Tasks.TaskCanceledException: The operation was canceled.
 ---> System.IO.IOException: Unable to read data from the transport connection: A operação de E/S foi anulada devido a uma saída de thread ou a uma requisição de aplicativo..
 ---> System.Net.Sockets.SocketException (995): A operação de E/S foi anulada devido a uma saída de thread ou a uma requisição de aplicativo.
   --- End of inner exception stack trace ---
   at System.Net.Sockets.Socket.AwaitableSocketAsyncEventArgs.ThrowException(SocketError error, CancellationToken cancellationToken)
   at System.Net.Sockets.Socket.AwaitableSocketAsyncEventArgs.System.Threading.Tasks.Sources.IValueTaskSource<System.Int32>.GetResult(Int16 token)
   at System.Net.Security.SslStream.EnsureFullTlsFrameAsync[TIOAdapter](CancellationToken cancellationToken, Int32 estimatedSize)
   at System.Runtime.CompilerServices.PoolingAsyncValueTaskMethodBuilder`1.StateMachineBox`1.System.Threading.Tasks.Sources.IValueTaskSource<TResult>.GetResult(Int16 token)
   at System.Net.Security.SslStream.ReadAsyncInternal[TIOAdapter](Memory`1 buffer, CancellationToken cancellationToken)
   at System.Runtime.CompilerServices.PoolingAsyncValueTaskMethodBuilder`1.StateMachineBox`1.System.Threading.Tasks.Sources.IValueTaskSource<TResult>.GetResult(Int16 token)
   at System.Net.Http.HttpConnection.SendAsync(HttpRequestMessage request, Boolean async, CancellationToken cancellationToken)
   --- End of inner exception stack trace ---
   at System.Net.Http.HttpConnection.SendAsync(HttpRequestMessage request, Boolean async, CancellationToken cancellationToken)
   at System.Net.Http.AuthenticationHelper.SendWithNtAuthAsync(HttpRequestMessage request, Uri authUri, Boolean async, ICredentials credentials, Boolean isProxyAuth, HttpConnection connection, HttpConnectionPool connectionPool, CancellationToken cancellationToken)
   at System.Net.Http.HttpConnectionPool.SendWithVersionDetectionAndRetryAsync(HttpRequestMessage request, Boolean async, Boolean doRequestAuth, CancellationToken cancellationToken)
   at System.Net.Http.AuthenticationHelper.SendWithAuthAsync(HttpRequestMessage request, Uri authUri, Boolean async, ICredentials credentials, Boolean preAuthenticate, Boolean isProxyAuth, Boolean doRequestAuth, HttpConnectionPool pool, CancellationToken cancellationToken)
   at System.Net.Http.RedirectHandler.SendAsync(HttpRequestMessage request, Boolean async, CancellationToken cancellationToken)
   at GitHub.Services.Common.RawHttpMessageHandler.SendAsync(HttpRequestMessage request, CancellationToken cancellationToken)
   at GitHub.Services.Common.VssHttpRetryMessageHandler.SendAsync(HttpRequestMessage request, CancellationToken cancellationToken)
   at System.Net.Http.HttpClient.<SendAsync>g__Core|83_0(HttpRequestMessage request, HttpCompletionOption completionOption, CancellationTokenSource cts, Boolean disposeCts, CancellationTokenSource pendingRequestsCts, CancellationToken originalCancellationToken)
[2026-03-26 19:13:52Z ERR  BrokerServer] #####################################################
[2026-03-26 19:13:52Z ERR  BrokerServer] System.IO.IOException: Unable to read data from the transport connection: A operação de E/S foi anulada devido a uma saída de thread ou a uma requisição de aplicativo..
 ---> System.Net.Sockets.SocketException (995): A operação de E/S foi anulada devido a uma saída de thread ou a uma requisição de aplicativo.
   --- End of inner exception stack trace ---
   at System.Net.Sockets.Socket.AwaitableSocketAsyncEventArgs.ThrowException(SocketError error, CancellationToken cancellationToken)
   at System.Net.Sockets.Socket.AwaitableSocketAsyncEventArgs.System.Threading.Tasks.Sources.IValueTaskSource<System.Int32>.GetResult(Int16 token)
   at System.Net.Security.SslStream.EnsureFullTlsFrameAsync[TIOAdapter](CancellationToken cancellationToken, Int32 estimatedSize)
   at System.Runtime.CompilerServices.PoolingAsyncValueTaskMethodBuilder`1.StateMachineBox`1.System.Threading.Tasks.Sources.IValueTaskSource<TResult>.GetResult(Int16 token)
   at System.Net.Security.SslStream.ReadAsyncInternal[TIOAdapter](Memory`1 buffer, CancellationToken cancellationToken)
   at System.Runtime.CompilerServices.PoolingAsyncValueTaskMethodBuilder`1.StateMachineBox`1.System.Threading.Tasks.Sources.IValueTaskSource<TResult>.GetResult(Int16 token)
   at System.Net.Http.HttpConnection.SendAsync(HttpRequestMessage request, Boolean async, CancellationToken cancellationToken)
[2026-03-26 19:13:52Z ERR  BrokerServer] #####################################################
[2026-03-26 19:13:52Z ERR  BrokerServer] System.Net.Sockets.SocketException (995): A operação de E/S foi anulada devido a uma saída de thread ou a uma requisição de aplicativo.
[2026-03-26 19:13:52Z WARN BrokerServer] Back off 5,384 seconds before next retry. 4 attempt left.
[2026-03-26 19:13:52Z INFO BrokerMessageListener] Get messages has been cancelled using local token source. Continue to get messages with new status.
[2026-03-26 19:28:07Z INFO RSAEncryptedFileKeyManager] Loading RSA key parameters from file C:\Users\thale\rabbitmq-log-pipeline\rabbitmq-log-pipeline\actions-runner\.credentials_rsaparams
[2026-03-26 19:28:08Z INFO GitHubActionsService] AAD Correlation ID for this token request: Unknown
[2026-03-26 19:53:19Z INFO HostContext] Runner will be shutdown for UserCancelled
[2026-03-26 19:53:19Z WARN GitHubActionsService] GET request to https://broker.actions.githubusercontent.com/message?sessionId=d110ad66-23da-4bf8-ab63-e7890ac4562f&status=Online&runnerVersion=2.333.0&os=Windows&architecture=X64&disableUpdate=false has been cancelled.
[2026-03-26 19:53:19Z ERR  BrokerServer] Catch exception during request
[2026-03-26 19:53:19Z ERR  BrokerServer] System.Threading.Tasks.TaskCanceledException: The operation was canceled.
 ---> System.Threading.Tasks.TaskCanceledException: The operation was canceled.
 ---> System.IO.IOException: Unable to read data from the transport connection: A operação de E/S foi anulada devido a uma saída de thread ou a uma requisição de aplicativo..
 ---> System.Net.Sockets.SocketException (995): A operação de E/S foi anulada devido a uma saída de thread ou a uma requisição de aplicativo.
   --- End of inner exception stack trace ---
   at System.Net.Sockets.Socket.AwaitableSocketAsyncEventArgs.ThrowException(SocketError error, CancellationToken cancellationToken)
   at System.Net.Sockets.Socket.AwaitableSocketAsyncEventArgs.System.Threading.Tasks.Sources.IValueTaskSource<System.Int32>.GetResult(Int16 token)
   at System.Net.Security.SslStream.EnsureFullTlsFrameAsync[TIOAdapter](CancellationToken cancellationToken, Int32 estimatedSize)
   at System.Runtime.CompilerServices.PoolingAsyncValueTaskMethodBuilder`1.StateMachineBox`1.System.Threading.Tasks.Sources.IValueTaskSource<TResult>.GetResult(Int16 token)
   at System.Net.Security.SslStream.ReadAsyncInternal[TIOAdapter](Memory`1 buffer, CancellationToken cancellationToken)
   at System.Runtime.CompilerServices.PoolingAsyncValueTaskMethodBuilder`1.StateMachineBox`1.System.Threading.Tasks.Sources.IValueTaskSource<TResult>.GetResult(Int16 token)
   at System.Net.Http.HttpConnection.SendAsync(HttpRequestMessage request, Boolean async, CancellationToken cancellationToken)
   --- End of inner exception stack trace ---
   at System.Net.Http.HttpConnection.SendAsync(HttpRequestMessage request, Boolean async, CancellationToken cancellationToken)
   at System.Net.Http.AuthenticationHelper.SendWithNtAuthAsync(HttpRequestMessage request, Uri authUri, Boolean async, ICredentials credentials, Boolean isProxyAuth, HttpConnection connection, HttpConnectionPool connectionPool, CancellationToken cancellationToken)
   at System.Net.Http.HttpConnectionPool.SendWithVersionDetectionAndRetryAsync(HttpRequestMessage request, Boolean async, Boolean doRequestAuth, CancellationToken cancellationToken)
   at System.Net.Http.AuthenticationHelper.SendWithAuthAsync(HttpRequestMessage request, Uri authUri, Boolean async, ICredentials credentials, Boolean preAuthenticate, Boolean isProxyAuth, Boolean doRequestAuth, HttpConnectionPool pool, CancellationToken cancellationToken)
   at System.Net.Http.RedirectHandler.SendAsync(HttpRequestMessage request, Boolean async, CancellationToken cancellationToken)
   at GitHub.Services.Common.RawHttpMessageHandler.SendAsync(HttpRequestMessage request, CancellationToken cancellationToken)
   at GitHub.Services.Common.VssHttpRetryMessageHandler.SendAsync(HttpRequestMessage request, CancellationToken cancellationToken)
   at System.Net.Http.HttpClient.<SendAsync>g__Core|83_0(HttpRequestMessage request, HttpCompletionOption completionOption, CancellationTokenSource cts, Boolean disposeCts, CancellationTokenSource pendingRequestsCts, CancellationToken originalCancellationToken)
   --- End of inner exception stack trace ---
   at System.Net.Http.HttpClient.HandleFailure(Exception e, Boolean telemetryStarted, HttpResponseMessage response, CancellationTokenSource cts, CancellationToken cancellationToken, CancellationTokenSource pendingRequestsCts)
   at System.Net.Http.HttpClient.<SendAsync>g__Core|83_0(HttpRequestMessage request, HttpCompletionOption completionOption, CancellationTokenSource cts, Boolean disposeCts, CancellationTokenSource pendingRequestsCts, CancellationToken originalCancellationToken)
   at Sdk.WebApi.WebApi.RawHttpClientBase.SendAsync(HttpRequestMessage message, HttpCompletionOption completionOption, Object userState, CancellationToken cancellationToken)
   at Sdk.WebApi.WebApi.RawHttpClientBase.SendAsync[T](HttpRequestMessage message, Boolean readErrorBody, Object userState, CancellationToken cancellationToken)
   at Sdk.WebApi.WebApi.RawHttpClientBase.SendAsync[T](HttpMethod method, IEnumerable`1 additionalHeaders, Uri requestUri, HttpContent content, IEnumerable`1 queryParameters, Boolean readErrorBody, Object userState, CancellationToken cancellationToken)
   at GitHub.Actions.RunService.WebApi.BrokerHttpClient.GetRunnerMessageAsync(Nullable`1 sessionId, String runnerVersion, Nullable`1 status, String os, String architecture, Nullable`1 disableUpdate, CancellationToken cancellationToken)
   at GitHub.Runner.Common.BrokerServer.<>c__DisplayClass7_0.<<GetRunnerMessageAsync>b__0>d.MoveNext()
--- End of stack trace from previous location ---
   at GitHub.Runner.Common.RunnerService.RetryRequest[T](Func`1 func, CancellationToken cancellationToken, Int32 maxAttempts, Func`2 shouldRetry)
[2026-03-26 19:53:19Z ERR  BrokerServer] #####################################################
[2026-03-26 19:53:19Z ERR  BrokerServer] System.Threading.Tasks.TaskCanceledException: The operation was canceled.
 ---> System.IO.IOException: Unable to read data from the transport connection: A operação de E/S foi anulada devido a uma saída de thread ou a uma requisição de aplicativo..
 ---> System.Net.Sockets.SocketException (995): A operação de E/S foi anulada devido a uma saída de thread ou a uma requisição de aplicativo.
   --- End of inner exception stack trace ---
   at System.Net.Sockets.Socket.AwaitableSocketAsyncEventArgs.ThrowException(SocketError error, CancellationToken cancellationToken)
   at System.Net.Sockets.Socket.AwaitableSocketAsyncEventArgs.System.Threading.Tasks.Sources.IValueTaskSource<System.Int32>.GetResult(Int16 token)
   at System.Net.Security.SslStream.EnsureFullTlsFrameAsync[TIOAdapter](CancellationToken cancellationToken, Int32 estimatedSize)
   at System.Runtime.CompilerServices.PoolingAsyncValueTaskMethodBuilder`1.StateMachineBox`1.System.Threading.Tasks.Sources.IValueTaskSource<TResult>.GetResult(Int16 token)
   at System.Net.Security.SslStream.ReadAsyncInternal[TIOAdapter](Memory`1 buffer, CancellationToken cancellationToken)
   at System.Runtime.CompilerServices.PoolingAsyncValueTaskMethodBuilder`1.StateMachineBox`1.System.Threading.Tasks.Sources.IValueTaskSource<TResult>.GetResult(Int16 token)
   at System.Net.Http.HttpConnection.SendAsync(HttpRequestMessage request, Boolean async, CancellationToken cancellationToken)
   --- End of inner exception stack trace ---
   at System.Net.Http.HttpConnection.SendAsync(HttpRequestMessage request, Boolean async, CancellationToken cancellationToken)
   at System.Net.Http.AuthenticationHelper.SendWithNtAuthAsync(HttpRequestMessage request, Uri authUri, Boolean async, ICredentials credentials, Boolean isProxyAuth, HttpConnection connection, HttpConnectionPool connectionPool, CancellationToken cancellationToken)
   at System.Net.Http.HttpConnectionPool.SendWithVersionDetectionAndRetryAsync(HttpRequestMessage request, Boolean async, Boolean doRequestAuth, CancellationToken cancellationToken)
   at System.Net.Http.AuthenticationHelper.SendWithAuthAsync(HttpRequestMessage request, Uri authUri, Boolean async, ICredentials credentials, Boolean preAuthenticate, Boolean isProxyAuth, Boolean doRequestAuth, HttpConnectionPool pool, CancellationToken cancellationToken)
   at System.Net.Http.RedirectHandler.SendAsync(HttpRequestMessage request, Boolean async, CancellationToken cancellationToken)
   at GitHub.Services.Common.RawHttpMessageHandler.SendAsync(HttpRequestMessage request, CancellationToken cancellationToken)
   at GitHub.Services.Common.VssHttpRetryMessageHandler.SendAsync(HttpRequestMessage request, CancellationToken cancellationToken)
   at System.Net.Http.HttpClient.<SendAsync>g__Core|83_0(HttpRequestMessage request, HttpCompletionOption completionOption, CancellationTokenSource cts, Boolean disposeCts, CancellationTokenSource pendingRequestsCts, CancellationToken originalCancellationToken)
[2026-03-26 19:53:19Z ERR  BrokerServer] #####################################################
[2026-03-26 19:53:19Z ERR  BrokerServer] System.IO.IOException: Unable to read data from the transport connection: A operação de E/S foi anulada devido a uma saída de thread ou a uma requisição de aplicativo..
 ---> System.Net.Sockets.SocketException (995): A operação de E/S foi anulada devido a uma saída de thread ou a uma requisição de aplicativo.
   --- End of inner exception stack trace ---
   at System.Net.Sockets.Socket.AwaitableSocketAsyncEventArgs.ThrowException(SocketError error, CancellationToken cancellationToken)
   at System.Net.Sockets.Socket.AwaitableSocketAsyncEventArgs.System.Threading.Tasks.Sources.IValueTaskSource<System.Int32>.GetResult(Int16 token)
   at System.Net.Security.SslStream.EnsureFullTlsFrameAsync[TIOAdapter](CancellationToken cancellationToken, Int32 estimatedSize)
   at System.Runtime.CompilerServices.PoolingAsyncValueTaskMethodBuilder`1.StateMachineBox`1.System.Threading.Tasks.Sources.IValueTaskSource<TResult>.GetResult(Int16 token)
   at System.Net.Security.SslStream.ReadAsyncInternal[TIOAdapter](Memory`1 buffer, CancellationToken cancellationToken)
   at System.Runtime.CompilerServices.PoolingAsyncValueTaskMethodBuilder`1.StateMachineBox`1.System.Threading.Tasks.Sources.IValueTaskSource<TResult>.GetResult(Int16 token)
   at System.Net.Http.HttpConnection.SendAsync(HttpRequestMessage request, Boolean async, CancellationToken cancellationToken)
[2026-03-26 19:53:19Z ERR  BrokerServer] #####################################################
[2026-03-26 19:53:19Z ERR  BrokerServer] System.Net.Sockets.SocketException (995): A operação de E/S foi anulada devido a uma saída de thread ou a uma requisição de aplicativo.
[2026-03-26 19:53:19Z WARN BrokerServer] Back off 8,566 seconds before next retry. 4 attempt left.
[2026-03-26 19:53:19Z INFO BrokerMessageListener] Get next message has been cancelled.
[2026-03-26 19:53:19Z INFO JobDispatcher] Shutting down JobDispatcher. Make sure all WorkerDispatcher has finished.
[2026-03-26 19:53:19Z INFO JobDispatcher] Ensure WorkerDispatcher for job 028baffc-ea6a-5d6d-af26-fe84e756cfee run to finish, cancel any running job.
[2026-03-26 19:53:19Z INFO JobDispatcher] Job request 028baffc-ea6a-5d6d-af26-fe84e756cfee processed succeed.
[2026-03-26 19:53:19Z INFO Runner] Deleting Runner Session...
[2026-03-26 19:53:20Z INFO Listener] Runner execution been cancelled.
